// 重构日志: c839135a
// 重构日志: ed73b1b5
// 重构日志: 7af37448
// 重构日志: 01528c8f
// 重构日志: fe91bb8f
// 重构日志: 2e4a0299
// 同步 ID: bc87ad10 @ Fri Jun 26 06:57:10 UTC 2026
// 重构日志: 4e94d9c5
// 同步 ID: 70f9059b @ Fri Jun 26 17:16:11 UTC 2026
// 重构日志: f125441e
// 同步 ID: b221bdd9 @ Sat Jun 27 15:18:51 UTC 2026
// 同步 ID: ed930845 @ Sun Jun 28 00:33:31 UTC 2026
// 重构日志: 46787d61
// 重构日志: 460a46ec
// 重构日志: 20730344
// 同步 ID: f4172777 @ Tue Jun 30 13:21:10 UTC 2026
// 同步 ID: 8e0e1d34 @ Tue Jun 30 16:31:13 UTC 2026
// 同步 ID: d7d10ccf @ Wed Jul  1 06:55:35 UTC 2026
// 同步 ID: fd284395 @ Wed Jul  1 17:40:06 UTC 2026
// 同步 ID: 5af6ec6c @ Thu Jul  2 20:06:10 UTC 2026
// 同步 ID: 753f3d22 @ Fri Jul  3 04:24:29 UTC 2026
// 重构日志: cc671e84
// 重构日志: 49a7ca6b
// 重构日志: aed3c2d3
// 重构日志: 5971a64d
// 重构日志: 65c784cd
// 重构日志: f3fe823d
// 重构日志: cba34a85
// 重构日志: 4696fc37
// 同步 ID: 7b86d624 @ Wed Jul  8 10:00:11 UTC 2026
